<?xml version="1.0" encoding="UTF-8" ?>
<testsuite errors="0" failures="0" hostname="win7-viao-nb" name="ch14_unittests.MessageConcatenatorTest" tests="4" time="2.266" timestamp="2011-03-17T14:55:54">
  <properties>
[...]
</properties>
  <testcase classname="ch14_unittests.MessageConcatenatorTest" name="testExplicitFlush" time="0.035" />
  <testcase classname="ch14_unittests.MessageConcatenatorTest" name="testOverflow" time="0.075" />
  <testcase classname="ch14_unittests.MessageConcatenatorTest" name="testAutoFlush" time="1.006" />
  <testcase classname="ch14_unittests.MessageConcatenatorTest" name="testAutoFlushAndOverflow" time="1.099" />
  <system-out><![CDATA[SimulationDisplay - got msg 'DisplayMsg: [2, 48, 48, 48, 48, 48, 50, 53, 53, 3]'
SimulationDisplay - got msg 'DisplayMsg: [2, 48, 50, 48, 48, 2, 48, 48, 50, 48, 48, 49, 50, 51, 52, 53, 54, 55, 56, 57, 48, 49, 50, 51, 52, 53, 54, 55, 56, 57, 48, 50, 53, 51, 3, 0, 0, 0, 0, 0, 0, 0, 0, 0, 0, 0, 0, 0, 0, 0, 0, 0, 0, 0, 0, 0, 0, 0, 0, 0, 0, 0, 0, 0, 0, 0, 0, 0, 0, 0, 0, 0, 0, 0, 0, 0, 0, 0, 0, 0, 0, 0, 0, 0, 0, 0, 0, 0, 0, 0, 0, 0, 0, 0, 0, 0, 0, 0, 0, 0, 0, 0, 0, 0, 0, 0, 0, 0, 0, 0, 0, 0, 0, 0, 0, 0, 0, 0, 0, 0, 0, 0, 0, 0, 0, 0, 0, 0, 0, 0, 0, 0, 0, 0, 0, 0, 0, 0, 0, 0, 0, 0, 0, 0, 0, 0, 0, 0, 0, 0, 0, 0, 0, 0, 0, 0, 0, 0, 0, 0, 0, 0, 0, 0, 0, 0, 0, 0, 0, 0, 0, 0, 0, 0, 0, 0, 0, 0, 0, 0, 0, 0, 0, 0, 0, 0, 0, 0, 0, 0, 0, 0, 0, 0, 0, 0, 0, 0, 0, 0, 0, 0, 0, 0, 0, 48, 50, 53, 48, 3]'
SimulationDisplay - got msg 'DisplayMsg: [2, 48, 48, 48, 48, 48, 50, 53, 53, 3]'
SimulationDisplay - got msg 'DisplayMsg: [2, 48, 48, 57, 48, 2, 48, 49, 48, 48, 48, 49, 50, 51, 52, 53, 54, 55, 56, 57, 48, 49, 50, 51, 52, 53, 54, 55, 56, 57, 48, 49, 50, 51, 52, 53, 54, 55, 56, 57, 48, 49, 50, 51, 52, 53, 54, 55, 56, 57, 48, 49, 50, 51, 52, 53, 54, 55, 56, 57, 48, 49, 50, 51, 52, 53, 54, 55, 56, 57, 48, 49, 50, 51, 52, 53, 54, 55, 56, 57, 48, 49, 50, 51, 52, 53, 54, 55, 56, 57, 48, 49, 50, 51, 52, 48, 49, 57, 51, 3]'
SimulationDisplay - got msg 'DisplayMsg: [2, 48, 48, 48, 48, 48, 50, 53, 53, 3]'
]]></system-out>
  <system-err><![CDATA[]]></system-err>
</testsuite>
