<?xml version="1.0" encoding="UTF-8" ?>
<testsuites>
  <testsuite errors="0" failures="0" hostname="win7-viao-nb" id="0" name="FirstTest" package="ch02_arbeitsumgebung" tests="1" time="0.059" timestamp="2011-03-17T14:55:28">
      <properties>
[...]
</properties>

      <testcase classname="ch02_arbeitsumgebung.FirstTest" name="testStringTrimEquals" time="0.0030" />

      <system-out><![CDATA[]]></system-out>

      <system-err><![CDATA[]]></system-err>

  </testsuite>
  <testsuite errors="0" failures="0" hostname="win7-viao-nb" id="1" name="GridPositionTest" package="ch03_oodesign" tests="3" time="0.051" timestamp="2011-03-17T14:55:30">
      <properties>
[...]
</properties>

      <testcase classname="ch03_oodesign.GridPositionTest" name="testAddOffset" time="0.0020" />

      <testcase classname="ch03_oodesign.GridPositionTest" name="testSetSamePos1" time="0.0" />

      <testcase classname="ch03_oodesign.GridPositionTest" name="testSetSamePos2" time="0.0" />

      <system-out><![CDATA[]]></system-out>

      <system-err><![CDATA[]]></system-err>

  </testsuite>
  <testsuite errors="0" failures="0" hostname="win7-viao-nb" id="2" name="RangeCheckUtilsMultiRangeTest" package="ch06_applikationsbausteine" tests="2" time="0.07" timestamp="2011-03-17T14:55:32">
      <properties>
[...]
</properties>

      <testcase classname="ch06_applikationsbausteine.RangeCheckUtilsMultiRangeTest" name="testValueInMultiRangeInteger" time="0.015" />

      <testcase classname="ch06_applikationsbausteine.RangeCheckUtilsMultiRangeTest" name="testValueInMultiRangeDouble" time="0.0" />

      <system-out><![CDATA[]]></system-out>

      <system-err><![CDATA[]]></system-err>

  </testsuite>
  <testsuite errors="0" failures="0" hostname="win7-viao-nb" id="3" name="RangeCheckUtilsTest" package="ch06_applikationsbausteine" tests="6" time="0.13" timestamp="2011-03-17T14:55:34">
      <properties>
[...]
</properties>

      <testcase classname="ch06_applikationsbausteine.RangeCheckUtilsTest" name="testValueInRange" time="0.0050" />

      <testcase classname="ch06_applikationsbausteine.RangeCheckUtilsTest" name="testValueInRangeDouble" time="0.0" />

      <testcase classname="ch06_applikationsbausteine.RangeCheckUtilsTest" name="testValueValid" time="0.0" />

      <testcase classname="ch06_applikationsbausteine.RangeCheckUtilsTest" name="testValueValidDouble" time="0.065" />

      <testcase classname="ch06_applikationsbausteine.RangeCheckUtilsTest" name="testValueInRangeComparable" time="0.0" />

      <testcase classname="ch06_applikationsbausteine.RangeCheckUtilsTest" name="testValueValidComparable" time="0.0" />

      <system-out><![CDATA[]]></system-out>

      <system-err><![CDATA[]]></system-err>

  </testsuite>
  <testsuite errors="0" failures="0" hostname="win7-viao-nb" id="4" name="RangeCheckUtilsValueRangeTest" package="ch06_applikationsbausteine" tests="2" time="0.068" timestamp="2011-03-17T14:55:37">
      <properties>
[...]
</properties>

      <testcase classname="ch06_applikationsbausteine.RangeCheckUtilsValueRangeTest" name="testValueInRangeIntegerUsingValueRange" time="0.01" />

      <testcase classname="ch06_applikationsbausteine.RangeCheckUtilsValueRangeTest" name="testValueInRangeDoubleUsingValueRange" time="0.0010" />

      <system-out><![CDATA[]]></system-out>

      <system-err><![CDATA[]]></system-err>

  </testsuite>
  <testsuite errors="0" failures="0" hostname="win7-viao-nb" id="5" name="StringToListUtils2Test" package="ch06_applikationsbausteine" tests="3" time="0.056" timestamp="2011-03-17T14:55:39">
      <properties>
[...]
</properties>

      <testcase classname="ch06_applikationsbausteine.StringToListUtils2Test" name="testNormalLineEnding" time="0.0030" />

      <testcase classname="ch06_applikationsbausteine.StringToListUtils2Test" name="testMissingLineEnding" time="0.0010" />

      <testcase classname="ch06_applikationsbausteine.StringToListUtils2Test" name="testSplitting" time="0.0" />

      <system-out><![CDATA[]]></system-out>

      <system-err><![CDATA[]]></system-err>

  </testsuite>
  <testsuite errors="0" failures="0" hostname="win7-viao-nb" id="6" name="StringToListUtils3Test" package="ch06_applikationsbausteine" tests="3" time="0.054" timestamp="2011-03-17T14:55:41">
      <properties>
[...]
</properties>

      <testcase classname="ch06_applikationsbausteine.StringToListUtils3Test" name="testNormalLineEnding" time="0.0030" />

      <testcase classname="ch06_applikationsbausteine.StringToListUtils3Test" name="testMissingLineEnding" time="0.0" />

      <testcase classname="ch06_applikationsbausteine.StringToListUtils3Test" name="testSplitting" time="0.0" />

      <system-out><![CDATA[]]></system-out>

      <system-err><![CDATA[]]></system-err>

  </testsuite>
  <testsuite errors="0" failures="1" hostname="win7-viao-nb" id="7" name="StringToListUtilsTest" package="ch06_applikationsbausteine" tests="3" time="0.131" timestamp="2011-03-17T14:55:43">
      <properties>
[...]
</properties>

      <testcase classname="ch06_applikationsbausteine.StringToListUtilsTest" name="testNormalLineEnding" time="0.0020" />

      <testcase classname="ch06_applikationsbausteine.StringToListUtilsTest" name="testMissingLineEnding" time="0.0040">
          <failure message="NOT terminated with &apos;\n&apos; expected:&lt;[Test]&gt; but was:&lt;[]&gt;" type="junit.framework.AssertionFailedError">junit.framework.AssertionFailedError: NOT terminated with &apos;\n&apos; expected:&lt;[Test]&gt; but was:&lt;[]&gt;
	at ch06_applikationsbausteine.StringToListUtilsTest.testMissingLineEnding(StringToListUtilsTest.java:39)
</failure>

      </testcase>

      <testcase classname="ch06_applikationsbausteine.StringToListUtilsTest" name="testSplitting" time="0.075" />

      <system-out><![CDATA[]]></system-out>

      <system-err><![CDATA[]]></system-err>

  </testsuite>
  <testsuite errors="0" failures="0" hostname="win7-viao-nb" id="8" name="ControllerTest" package="ch14_unittests" tests="9" time="0.243" timestamp="2011-03-17T14:55:45">
      <properties>
[...]
</properties>

      <testcase classname="ch14_unittests.ControllerTest" name="testCalcState07" time="0.046" />

      <testcase classname="ch14_unittests.ControllerTest" name="testCalcState20" time="0.0" />

      <testcase classname="ch14_unittests.ControllerTest" name="testCalcState79" time="0.0" />

      <testcase classname="ch14_unittests.ControllerTest" name="testCalcStateHexValues3F" time="0.035" />

      <testcase classname="ch14_unittests.ControllerTest" name="testCalcStateHexValuesAE" time="0.0" />

      <testcase classname="ch14_unittests.ControllerTest" name="testValidHexCodedByteValuesAsNumbersAndChars" time="0.0" />

      <testcase classname="ch14_unittests.ControllerTest" name="testValidHexCodedByteValuesAsNumbersAndCharsImproved" time="0.0" />

      <testcase classname="ch14_unittests.ControllerTest" name="testInvalidHexCodedByteValues" time="0.0" />

      <testcase classname="ch14_unittests.ControllerTest" name="testInvalidHexCodedByteValuesExpectedException" time="0.0" />

      <system-out><![CDATA[]]></system-out>

      <system-err><![CDATA[]]></system-err>

  </testsuite>
  <testsuite errors="0" failures="2" hostname="win7-viao-nb" id="9" name="ControllerV3Test" package="ch14_unittests" tests="5" time="0.169" timestamp="2011-03-17T14:55:48">
      <properties>
[...]
</properties>

      <testcase classname="ch14_unittests.ControllerV3Test" name="testCalcState07" time="0.035" />

      <testcase classname="ch14_unittests.ControllerV3Test" name="testCalcState20" time="0.0" />

      <testcase classname="ch14_unittests.ControllerV3Test" name="testCalcState79" time="0.0" />

      <testcase classname="ch14_unittests.ControllerV3Test" name="testCalcStateRealHexValues3F" time="0.079">
          <failure message="expected:&lt;63&gt; but was:&lt;70&gt;" type="junit.framework.AssertionFailedError">junit.framework.AssertionFailedError: expected:&lt;63&gt; but was:&lt;70&gt;
	at ch14_unittests.ControllerV3Test.testCalcStateRealHexValues3F(ControllerV3Test.java:32)
</failure>

      </testcase>

      <testcase classname="ch14_unittests.ControllerV3Test" name="testCalcStateRealHexValuesAE" time="0.0020">
          <failure message="expected:&lt;174&gt; but was:&lt;293&gt;" type="junit.framework.AssertionFailedError">junit.framework.AssertionFailedError: expected:&lt;174&gt; but was:&lt;293&gt;
	at ch14_unittests.ControllerV3Test.testCalcStateRealHexValuesAE(ControllerV3Test.java:37)
</failure>

      </testcase>

      <system-out><![CDATA[]]></system-out>

      <system-err><![CDATA[]]></system-err>

  </testsuite>
  <testsuite errors="0" failures="2" hostname="win7-viao-nb" id="10" name="HamcreastExampleTest" package="ch14_unittests" tests="2" time="0.067" timestamp="2011-03-17T14:55:50">
      <properties>
[...]
</properties>

      <testcase classname="ch14_unittests.HamcreastExampleTest" name="testAgeJUnit" time="0.0070">
          <failure message="age" type="junit.framework.AssertionFailedError">junit.framework.AssertionFailedError: age
	at ch14_unittests.HamcreastExampleTest.testAgeJUnit(HamcreastExampleTest.java:21)
</failure>

      </testcase>

      <testcase classname="ch14_unittests.HamcreastExampleTest" name="testAgeHamcreat" time="0.012">
          <failure message="age Expected: (a value greater than &lt;30&gt; and not even number)      but: not even number was &lt;38&gt;" type="junit.framework.AssertionFailedError">junit.framework.AssertionFailedError: age
Expected: (a value greater than &lt;30&gt; and not even number)
     but: not even number was &lt;38&gt;
	at org.hamcrest.MatcherAssert.assertThat(MatcherAssert.java:20)
	at ch14_unittests.HamcreastExampleTest.testAgeHamcreat(HamcreastExampleTest.java:27)
</failure>

      </testcase>

      <system-out><![CDATA[]]></system-out>

      <system-err><![CDATA[]]></system-err>

  </testsuite>
  <testsuite errors="0" failures="0" hostname="win7-viao-nb" id="11" name="MembersTest" package="ch14_unittests" tests="3" time="0.055" timestamp="2011-03-17T14:55:52">
      <properties>
[...]
</properties>

      <testcase classname="ch14_unittests.MembersTest" name="testRegisterMember" time="0.0020" />

      <testcase classname="ch14_unittests.MembersTest" name="testDeregisterMember" time="0.0" />

      <testcase classname="ch14_unittests.MembersTest" name="testDeregisterMemberInvalidMember" time="0.0" />

      <system-out><![CDATA[]]></system-out>

      <system-err><![CDATA[]]></system-err>

  </testsuite>
  <testsuite errors="0" failures="0" hostname="win7-viao-nb" id="12" name="MessageConcatenatorTest" package="ch14_unittests" tests="4" time="2.266" timestamp="2011-03-17T14:55:54">
      <properties>
[...]
</properties>

      <testcase classname="ch14_unittests.MessageConcatenatorTest" name="testExplicitFlush" time="0.035" />

      <testcase classname="ch14_unittests.MessageConcatenatorTest" name="testOverflow" time="0.075" />

      <testcase classname="ch14_unittests.MessageConcatenatorTest" name="testAutoFlush" time="1.006" />

      <testcase classname="ch14_unittests.MessageConcatenatorTest" name="testAutoFlushAndOverflow" time="1.099" />

      <system-out><![CDATA[SimulationDisplay - got msg 'DisplayMsg: [2, 48, 48, 48, 48, 48, 50, 53, 53, 3]'
SimulationDisplay - got msg 'DisplayMsg: [2, 48, 50, 48, 48, 2, 48, 48, 50, 48, 48, 49, 50, 51, 52, 53, 54, 55, 56, 57, 48, 49, 50, 51, 52, 53, 54, 55, 56, 57, 48, 50, 53, 51, 3, 0, 0, 0, 0, 0, 0, 0, 0, 0, 0, 0, 0, 0, 0, 0, 0, 0, 0, 0, 0, 0, 0, 0, 0, 0, 0, 0, 0, 0, 0, 0, 0, 0, 0, 0, 0, 0, 0, 0, 0, 0, 0, 0, 0, 0, 0, 0, 0, 0, 0, 0, 0, 0, 0, 0, 0, 0, 0, 0, 0, 0, 0, 0, 0, 0, 0, 0, 0, 0, 0, 0, 0, 0, 0, 0, 0, 0, 0, 0, 0, 0, 0, 0, 0, 0, 0, 0, 0, 0, 0, 0, 0, 0, 0, 0, 0, 0, 0, 0, 0, 0, 0, 0, 0, 0, 0, 0, 0, 0, 0, 0, 0, 0, 0, 0, 0, 0, 0, 0, 0, 0, 0, 0, 0, 0, 0, 0, 0, 0, 0, 0, 0, 0, 0, 0, 0, 0, 0, 0, 0, 0, 0, 0, 0, 0, 0, 0, 0, 0, 0, 0, 0, 0, 0, 0, 0, 0, 0, 0, 0, 0, 0, 0, 0, 0, 0, 0, 0, 0, 0, 48, 50, 53, 48, 3]'
SimulationDisplay - got msg 'DisplayMsg: [2, 48, 48, 48, 48, 48, 50, 53, 53, 3]'
SimulationDisplay - got msg 'DisplayMsg: [2, 48, 48, 57, 48, 2, 48, 49, 48, 48, 48, 49, 50, 51, 52, 53, 54, 55, 56, 57, 48, 49, 50, 51, 52, 53, 54, 55, 56, 57, 48, 49, 50, 51, 52, 53, 54, 55, 56, 57, 48, 49, 50, 51, 52, 53, 54, 55, 56, 57, 48, 49, 50, 51, 52, 53, 54, 55, 56, 57, 48, 49, 50, 51, 52, 53, 54, 55, 56, 57, 48, 49, 50, 51, 52, 53, 54, 55, 56, 57, 48, 49, 50, 51, 52, 53, 54, 55, 56, 57, 48, 49, 50, 51, 52, 48, 49, 57, 51, 3]'
SimulationDisplay - got msg 'DisplayMsg: [2, 48, 48, 48, 48, 48, 50, 53, 53, 3]'
]]></system-out>

      <system-err><![CDATA[]]></system-err>

  </testsuite>
  <testsuite errors="1" failures="2" hostname="win7-viao-nb" id="13" name="CoverageTest" package="ch14_unittests.cobertura" tests="5" time="0.14" timestamp="2011-03-17T14:55:59">
      <properties>
[...]
</properties>

      <testcase classname="ch14_unittests.cobertura.CoverageTest" name="testDivide" time="0.0020" />

      <testcase classname="ch14_unittests.cobertura.CoverageTest" name="testDivideByZeroJUnit3" time="0.0040">
          <failure type="junit.framework.AssertionFailedError">junit.framework.AssertionFailedError: 
	at ch14_unittests.cobertura.CoverageTest.testDivideByZeroJUnit3(CoverageTest.java:36)
</failure>

      </testcase>

      <testcase classname="ch14_unittests.cobertura.CoverageTest" name="testDivideByZeroJUnit4" time="0.075">
          <failure message="Expected exception: java.lang.ArithmeticException" type="junit.framework.AssertionFailedError">junit.framework.AssertionFailedError: Expected exception: java.lang.ArithmeticException
</failure>

      </testcase>

      <testcase classname="ch14_unittests.cobertura.CoverageTest" name="testCoverage100ButNPE1" time="0.0" />

      <testcase classname="ch14_unittests.cobertura.CoverageTest" name="testCoverage100ButNPE2" time="0.0010">
          <error type="java.lang.NullPointerException">java.lang.NullPointerException
	at ch14_unittests.cobertura.Coverage.coverage100ButNPE(Coverage.java:38)
	at ch14_unittests.cobertura.CoverageTest.testCoverage100ButNPE2(CoverageTest.java:59)
</error>

      </testcase>

      <system-out><![CDATA[]]></system-out>

      <system-err><![CDATA[]]></system-err>

  </testsuite>
  <testsuite errors="0" failures="0" hostname="win7-viao-nb" id="14" name="TaskUtilsV1Test" package="ch14_unittests.services" tests="1" time="0.085" timestamp="2011-03-17T14:56:01">
      <properties>
[...]
</properties>

      <testcase classname="ch14_unittests.services.TaskUtilsV1Test" name="testCompareTaskDataWithExampleTask" time="0.039" />

      <system-out><![CDATA[]]></system-out>

      <system-err><![CDATA[]]></system-err>

  </testsuite>
  <testsuite errors="0" failures="0" hostname="win7-viao-nb" id="15" name="TaskUtilsV2Test" package="ch14_unittests.services" tests="4" time="0.167" timestamp="2011-03-17T14:56:03">
      <properties>
[...]
</properties>

      <testcase classname="ch14_unittests.services.TaskUtilsV2Test" name="testCompareTaskDataNewMustNotBeLonger" time="0.037" />

      <testcase classname="ch14_unittests.services.TaskUtilsV2Test" name="testCompareTaskSameLengthAndSameContent" time="0.0" />

      <testcase classname="ch14_unittests.services.TaskUtilsV2Test" name="testCompareTaskSameLengthAndDifferentContent" time="0.073" />

      <testcase classname="ch14_unittests.services.TaskUtilsV2Test" name="testCompareTaskDataWithHistory" time="0.0" />

      <system-out><![CDATA[WARN   compareTaskData, new task is different from existing (wrong length).
WARN   compareTaskData, different content (not equal).
]]></system-out>

      <system-err><![CDATA[]]></system-err>

  </testsuite>
</testsuites>
